SF:lib/helpers/get_bmi_value.dart
DA:5,2
DA:7,2
DA:8,2
DA:15,2
DA:17,2
DA:18,4
DA:19,2
DA:27,2
DA:29,2
DA:31,2
DA:33,2
DA:35,2
DA:37,1
LF:13
LH:13
end_of_record
SF:lib/helpers/validate_user_data.dart
DA:6,2
DA:11,2
DA:12,2
DA:14,4
DA:19,2
DA:24,2
DA:25,2
DA:27,4
DA:33,2
DA:35,4
LF:10
LH:10
end_of_record
SF:lib/pages/home_page.dart
DA:9,1
DA:12,1
DA:13,1
DA:23,1
DA:25,1
DA:26,1
DA:27,1
DA:28,2
DA:33,1
DA:35,1
DA:36,1
DA:40,1
DA:42,3
DA:44,1
DA:46,1
DA:48,1
DA:51,1
DA:52,2
DA:53,1
DA:59,1
DA:61,1
DA:63,1
DA:67,1
DA:68,2
DA:69,1
DA:75,1
DA:83,1
DA:85,1
DA:86,5
DA:87,5
DA:88,2
DA:89,4
DA:92,1
DA:100,1
DA:104,1
LF:35
LH:35
end_of_record
