SF:lib/helpers/validate_user_data.dart
DA:6,2
DA:11,2
DA:12,2
DA:14,4
DA:19,2
DA:24,2
DA:25,2
DA:27,4
DA:33,2
DA:35,4
LF:10
LH:10
end_of_record
SF:lib/helpers/get_bmi_value.dart
DA:5,2
DA:7,2
DA:8,2
DA:15,2
DA:17,2
DA:18,4
DA:19,2
DA:27,2
DA:29,2
DA:31,2
DA:33,2
DA:35,2
DA:37,1
LF:13
LH:13
end_of_record
SF:lib/pages/home_page.dart
DA:9,1
DA:12,1
DA:13,1
DA:23,1
DA:25,1
DA:26,1
DA:27,1
DA:28,2
DA:30,2
DA:34,1
DA:36,1
DA:37,1
DA:41,1
DA:43,3
DA:45,1
DA:47,1
DA:49,1
DA:52,1
DA:53,2
DA:54,1
DA:60,1
DA:62,1
DA:64,1
DA:68,1
DA:69,2
DA:70,1
DA:76,1
DA:84,1
DA:86,1
DA:87,5
DA:88,5
DA:89,2
DA:90,4
DA:93,1
DA:101,1
DA:105,1
LF:36
LH:36
end_of_record
